22:28:09: Creating resource group General
22:28:09: Creating resource group Internal
22:28:09: Creating resource group Autodetect
22:28:09: SceneManagerFactory for type 'DefaultSceneManager' registered.
22:28:09: Registering ResourceManager for type Material
22:28:09: Registering ResourceManager for type Mesh
22:28:09: Registering ResourceManager for type Skeleton
22:28:09: MovableObjectFactory for type 'ParticleSystem' registered.
22:28:09: OverlayElementFactory for type Panel registered.
22:28:09: OverlayElementFactory for type BorderPanel registered.
22:28:09: OverlayElementFactory for type TextArea registered.
22:28:09: Registering ResourceManager for type Font
22:28:09: ArchiveFactory for archive type FileSystem registered.
22:28:09: ArchiveFactory for archive type Zip registered.
22:28:09: DDS codec registering
22:28:09: FreeImage version: 3.13.1
22:28:09: This program uses FreeImage, a free, open source image library supporting all common bitmap formats. See http://freeimage.sourceforge.net for details
22:28:09: Supported formats: bmp,ico,jpg,jif,jpeg,jpe,jng,koa,iff,lbm,mng,pbm,pbm,pcd,pcx,pgm,pgm,png,ppm,ppm,ras,tga,targa,tif,tiff,wap,wbmp,wbm,psd,cut,xbm,xpm,gif,hdr,g3,sgi,exr,j2k,j2c,jp2,pfm,pct,pict,pic,bay,bmq,cr2,crw,cs1,dc2,dcr,dng,erf,fff,hdr,k25,kdc,mdc,mos,mrw,nef,orf,pef,pxn,raf,raw,rdc,sr2,srf,arw,3fr,cine,ia,kc2,mef,nrw,qtk,rw2,sti,drf,dsc,ptx,cap,iiq,rwz
22:28:09: Registering ResourceManager for type HighLevelGpuProgram
22:28:09: Registering ResourceManager for type Compositor
22:28:09: MovableObjectFactory for type 'Entity' registered.
22:28:09: MovableObjectFactory for type 'Light' registered.
22:28:09: MovableObjectFactory for type 'BillboardSet' registered.
22:28:09: MovableObjectFactory for type 'ManualObject' registered.
22:28:09: MovableObjectFactory for type 'BillboardChain' registered.
22:28:09: MovableObjectFactory for type 'RibbonTrail' registered.
22:28:09: *-*-* OGRE Initialising
22:28:09: *-*-* Version 1.7.3 (Cthugha)
22:28:09: Loading library RenderSystem_Direct3D9
22:28:09: Installing plugin: D3D9 RenderSystem
22:28:09: D3D9 : Direct3D9 Rendering Subsystem created.
22:28:09: D3D9: Driver Detection Starts
22:28:09: D3D9: Driver Detection Ends
22:28:09: Plugin successfully installed
22:28:09: Loading library RenderSystem_GL
22:28:09: Installing plugin: GL RenderSystem
22:28:09: OpenGL Rendering Subsystem created.
22:28:09: Plugin successfully installed
22:28:09: Loading library Plugin_ParticleFX
22:28:09: Installing plugin: ParticleFX
22:28:09: Particle Emitter Type 'Point' registered
22:28:09: Particle Emitter Type 'Box' registered
22:28:09: Particle Emitter Type 'Ellipsoid' registered
22:28:09: Particle Emitter Type 'Cylinder' registered
22:28:09: Particle Emitter Type 'Ring' registered
22:28:09: Particle Emitter Type 'HollowEllipsoid' registered
22:28:09: Particle Affector Type 'LinearForce' registered
22:28:09: Particle Affector Type 'ColourFader' registered
22:28:09: Particle Affector Type 'ColourFader2' registered
22:28:09: Particle Affector Type 'ColourImage' registered
22:28:09: Particle Affector Type 'ColourInterpolator' registered
22:28:09: Particle Affector Type 'Scaler' registered
22:28:09: Particle Affector Type 'Rotator' registered
22:28:09: Particle Affector Type 'DirectionRandomiser' registered
22:28:09: Particle Affector Type 'DeflectorPlane' registered
22:28:09: Plugin successfully installed
22:28:09: Loading library Plugin_BSPSceneManager
22:28:09: Installing plugin: BSP Scene Manager
22:28:09: Plugin successfully installed
22:28:09: Loading library Plugin_CgProgramManager
22:28:09: Installing plugin: Cg Program Manager
22:28:09: Plugin successfully installed
22:28:09: Loading library Plugin_PCZSceneManager
22:28:09: Installing plugin: Portal Connected Zone Scene Manager
22:28:09: PCZone Factory Type 'ZoneType_Default' registered
22:28:09: Plugin successfully installed
22:28:09: Loading library Plugin_OctreeZone
22:28:09: Installing plugin: Octree Zone Factory
22:28:09: Plugin successfully installed
22:28:09: Loading library Plugin_OctreeSceneManager
22:28:09: Installing plugin: Octree & Terrain Scene Manager
22:28:09: Plugin successfully installed
22:28:09: Creating resource group Popular
22:28:09: Added resource location 'Data/materials/programs' of type 'FileSystem' to resource group 'Popular'
22:28:09: Added resource location 'Data/materials/scripts' of type 'FileSystem' to resource group 'Popular'
22:28:09: Added resource location 'Data/materials/textures' of type 'FileSystem' to resource group 'Popular'
22:28:09: Added resource location 'Data/materials/textures/nvidia' of type 'FileSystem' to resource group 'Popular'
22:28:09: Added resource location 'Data/models' of type 'FileSystem' to resource group 'Popular'
22:28:09: CPU Identifier & Features
22:28:09: -------------------------
22:28:09:  *   CPU ID: GenuineIntel: Intel(R) Core(TM)2 Quad CPU    Q6600  @ 2.40GHz
22:28:09:  *      SSE: yes
22:28:09:  *     SSE2: yes
22:28:09:  *     SSE3: yes
22:28:09:  *      MMX: yes
22:28:09:  *   MMXEXT: yes
22:28:09:  *    3DNOW: no
22:28:09:  * 3DNOWEXT: no
22:28:09:  *     CMOV: yes
22:28:09:  *      TSC: yes
22:28:09:  *      FPU: yes
22:28:09:  *      PRO: yes
22:28:09:  *       HT: no
22:28:09: -------------------------
22:28:09: D3D9 : Subsystem Initialising
22:28:09: Registering ResourceManager for type Texture
22:28:09: Registering ResourceManager for type GpuProgram
22:28:09: ***************************************
22:28:09: *** D3D9 : Subsystem Initialised OK ***
22:28:09: ***************************************
22:28:09: D3D9RenderSystem::_createRenderWindow "Dawn of the Wolf", 1024x768 windowed  miscParams: fullscreen=false resolution=1024x768 vsync=false 
22:28:09: D3D9 : Created D3D9 Rendering Window 'Dawn of the Wolf' : 1024x768, 32bpp
22:28:09: D3D9 : WARNING - disabling VSync in windowed mode can cause timing issues at lower frame rates, turn VSync on if you observe this problem.
22:28:09: D3D9: Vertex texture format supported - PF_FLOAT16_RGB
22:28:09: D3D9: Vertex texture format supported - PF_FLOAT16_RGBA
22:28:09: D3D9: Vertex texture format supported - PF_FLOAT32_RGB
22:28:09: D3D9: Vertex texture format supported - PF_FLOAT32_RGBA
22:28:09: D3D9: Vertex texture format supported - PF_FLOAT16_R
22:28:09: D3D9: Vertex texture format supported - PF_FLOAT32_R
22:28:09: D3D9: Vertex texture format supported - PF_FLOAT16_GR
22:28:09: D3D9: Vertex texture format supported - PF_FLOAT32_GR
22:28:09: RenderSystem capabilities
22:28:09: -------------------------
22:28:09: RenderSystem Name: Direct3D9 Rendering Subsystem
22:28:09: GPU Vendor: nvidia
22:28:09: Device Name: Monitor-1-NVIDIA GeForce 9600 GT
22:28:09: Driver Version: 8.17.12.7533
22:28:09:  * Fixed function pipeline: yes
22:28:09:  * Hardware generation of mipmaps: yes
22:28:09:  * Texture blending: yes
22:28:09:  * Anisotropic texture filtering: yes
22:28:09:  * Dot product texture operation: yes
22:28:09:  * Cube mapping: yes
22:28:09:  * Hardware stencil buffer: yes
22:28:09:    - Stencil depth: 8
22:28:09:    - Two sided stencil support: yes
22:28:09:    - Wrap stencil values: yes
22:28:09:  * Hardware vertex / index buffers: yes
22:28:09:  * Vertex programs: yes
22:28:09:  * Number of floating-point constants for vertex programs: 256
22:28:09:  * Number of integer constants for vertex programs: 16
22:28:09:  * Number of boolean constants for vertex programs: 16
22:28:09:  * Fragment programs: yes
22:28:09:  * Number of floating-point constants for fragment programs: 224
22:28:09:  * Number of integer constants for fragment programs: 16
22:28:09:  * Number of boolean constants for fragment programs: 16
22:28:09:  * Geometry programs: no
22:28:09:  * Number of floating-point constants for geometry programs: 25705
22:28:09:  * Number of integer constants for geometry programs: 29285
22:28:09:  * Number of boolean constants for geometry programs: 29486
22:28:09:  * Supported Shader Profiles: hlsl ps_1_1 ps_1_2 ps_1_3 ps_1_4 ps_2_0 ps_2_a ps_2_b ps_2_x ps_3_0 vs_1_1 vs_2_0 vs_2_a vs_2_x vs_3_0
22:28:09:  * Texture Compression: yes
22:28:09:    - DXT: yes
22:28:09:    - VTC: no
22:28:09:    - PVRTC: no
22:28:09:  * Scissor Rectangle: yes
22:28:09:  * Hardware Occlusion Query: yes
22:28:09:  * User clip planes: yes
22:28:09:  * VET_UBYTE4 vertex element type: yes
22:28:09:  * Infinite far plane projection: yes
22:28:09:  * Hardware render-to-texture: yes
22:28:09:  * Floating point textures: yes
22:28:09:  * Non-power-of-two textures: yes
22:28:09:  * Volume textures: yes
22:28:09:  * Multiple Render Targets: 4
22:28:09:    - With different bit depths: yes
22:28:09:  * Point Sprites: yes
22:28:09:  * Extended point parameters: yes
22:28:09:  * Max Point Size: 10
22:28:09:  * Vertex texture fetch: yes
22:28:09:  * Number of world matrices: 0
22:28:09:  * Number of texture units: 8
22:28:09:  * Stencil buffer depth: 8
22:28:09:  * Number of vertex blend matrices: 0
22:28:09:    - Max vertex textures: 4
22:28:09:    - Vertex textures shared: no
22:28:09:  * Render to Vertex Buffer : no
22:28:09:  * DirectX per stage constants: yes
22:28:09: DefaultWorkQueue('Root') initialising on thread main.
22:28:09: Particle Renderer Type 'billboard' registered
22:28:09: SceneManagerFactory for type 'BspSceneManager' registered.
22:28:09: Registering ResourceManager for type BspLevel
22:28:09: SceneManagerFactory for type 'PCZSceneManager' registered.
22:28:09: MovableObjectFactory for type 'PCZLight' registered.
22:28:09: MovableObjectFactory for type 'Portal' registered.
22:28:09: MovableObjectFactory for type 'AntiPortal' registered.
22:28:09: PCZone Factory Type 'ZoneType_Octree' registered
22:28:09: PCZone Factory Type 'ZoneType_Terrain' registered
22:28:09: SceneManagerFactory for type 'OctreeSceneManager' registered.
22:28:09: SceneManagerFactory for type 'TerrainSceneManager' registered.
22:28:09: Parsing scripts for resource group Autodetect
22:28:09: Finished parsing scripts for resource group Autodetect
22:28:09: Parsing scripts for resource group General
22:28:09: Finished parsing scripts for resource group General
22:28:09: Parsing scripts for resource group Internal
22:28:09: Finished parsing scripts for resource group Internal
22:28:09: Parsing scripts for resource group Popular
22:28:09: Parsing script Examples.program
22:28:09: Parsing script StdQuad_vp.program
22:28:10: Parsing script ASCII.material
22:28:10: Parsing script ASMSwizzle.material
22:28:10: Compiler error: object unsupported by render system in ASMSwizzle.material(1)
22:28:10: Parsing script BlackAndWhite.material
22:28:10: Parsing script Bloom.material
22:28:10: Parsing script Bloom2.material
22:28:10: Parsing script CGSwizzle.material
22:28:10: Parsing script CompositorDemo.material
22:28:10: Parsing script DepthShadowmap.material
22:28:10: Parsing script Dither.material
22:28:10: Parsing script DOF.material
22:28:10: Parsing script Embossed.material
22:28:10: Parsing script Example-Water.material
22:28:10: Parsing script Examples-Advanced.material
22:28:11: Parsing script Examples-DynTex.material
22:28:11: Parsing script Examples-Water.material
22:28:11: Parsing script Examples.material
22:28:12: OGRE EXCEPTION(2:InvalidParametersException): Parameter called camObjPos does not exist.  in GpuProgramParameters::_findNamedConstantDefinition at D:\Inf\Projects\Dawn\Libraries\Ogre1.7.3\OgreMain\src\OgreGpuProgramParams.cpp (line 1435)
22:28:12: Compiler error: invalid parameters in Examples.material(837): setting of constant failed
22:28:13: Parsing script facial.material
22:28:13: Parsing script Glass.material
22:28:13: Parsing script GLSLSwizzle.material
22:28:13: Parsing script Halftone.material
22:28:13: Parsing script hdr.material
22:28:13: Parsing script HeatVision.material
22:28:13: Parsing script Hurt.material
22:28:13: Parsing script instancing.material
22:28:14: Parsing script Invert.material
22:28:14: Parsing script IsoSurf.material
22:28:14: Parsing script Laplace.material
22:28:14: Parsing script MotionBlur.material
22:28:14: Parsing script MRTtest.material
22:28:14: Parsing script NightVision.material
22:28:14: Parsing script Ocean.material
22:28:15: Parsing script OffsetMapping.material
22:28:15: Parsing script Ogre.material
22:28:15: Parsing script OldMovie.material
22:28:15: Parsing script OldTV.material
22:28:15: Parsing script ParticleGS.material
22:28:15: OGRE EXCEPTION(7:InternalErrorException): Unable to compile Cg program Ogre/ParticleGS/GenerateVS: CG ERROR : "The compile returned an error."
(0) : error C6015: Output 'POSITION' not completely written
 in CgProgram::loadFromSource at D:\Inf\Projects\Dawn\Libraries\Ogre1.7.3\PlugIns\CgProgramManager\src\OgreCgProgramManagerDll.cpp (line 67)
22:28:15: High-level program Ogre/ParticleGS/GenerateVS encountered an error during loading and is thus not supported.
OGRE EXCEPTION(7:InternalErrorException): Unable to compile Cg program Ogre/ParticleGS/GenerateVS: CG ERROR : "The compile returned an error."
(0) : error C6015: Output 'POSITION' not completely written
 in CgProgram::loadFromSource at D:\Inf\Projects\Dawn\Libraries\Ogre1.7.3\PlugIns\CgProgramManager\src\OgreCgProgramManagerDll.cpp (line 67)
22:28:15: OGRE EXCEPTION(7:InternalErrorException): Unable to compile Cg program Ogre/ParticleGS/DisplayVS: CG ERROR : "The compile returned an error."
(249) : warning C7050: "output.color" might be used before being initialized
(0) : error C6015: Output 'POSITION' not completely written
 in CgProgram::loadFromSource at D:\Inf\Projects\Dawn\Libraries\Ogre1.7.3\PlugIns\CgProgramManager\src\OgreCgProgramManagerDll.cpp (line 67)
22:28:15: High-level program Ogre/ParticleGS/DisplayVS encountered an error during loading and is thus not supported.
OGRE EXCEPTION(7:InternalErrorException): Unable to compile Cg program Ogre/ParticleGS/DisplayVS: CG ERROR : "The compile returned an error."
(249) : warning C7050: "output.color" might be used before being initialized
(0) : error C6015: Output 'POSITION' not completely written
 in CgProgram::loadFromSource at D:\Inf\Projects\Dawn\Libraries\Ogre1.7.3\PlugIns\CgProgramManager\src\OgreCgProgramManagerDll.cpp (line 67)
22:28:15: OGRE EXCEPTION(7:InternalErrorException): Unable to compile Cg program Ogre/ParticleGS/DisplayPS: CG ERROR : "The compile returned an error."
(323) : fatal error C9999: unexpected cast operation
 in CgProgram::loadFromSource at D:\Inf\Projects\Dawn\Libraries\Ogre1.7.3\PlugIns\CgProgramManager\src\OgreCgProgramManagerDll.cpp (line 67)
22:28:15: High-level program Ogre/ParticleGS/DisplayPS encountered an error during loading and is thus not supported.
OGRE EXCEPTION(7:InternalErrorException): Unable to compile Cg program Ogre/ParticleGS/DisplayPS: CG ERROR : "The compile returned an error."
(323) : fatal error C9999: unexpected cast operation
 in CgProgram::loadFromSource at D:\Inf\Projects\Dawn\Libraries\Ogre1.7.3\PlugIns\CgProgramManager\src\OgreCgProgramManagerDll.cpp (line 67)
22:28:15: Parsing script Penguin.material
22:28:15: Parsing script Posterize.material
22:28:15: Parsing script pssm.material
22:28:15: Parsing script RadialBlur.material
22:28:15: Parsing script RZR-002.material
22:28:15: Parsing script ShaderSystem.material
22:28:15: Parsing script shadows.material
22:28:16: Parsing script SharpenEdges.material
22:28:16: Parsing script sibenik.material
22:28:16: Parsing script smoke.material
22:28:16: Parsing script Tiling.material
22:28:16: Parsing script VarianceShadowmap.material
22:28:16: Parsing script Scene.material
22:28:16: Parsing script SellingHouse.material
22:28:16: Parsing script StreetLamp1.material
22:28:16: Parsing script WereVixen.material
22:28:16: Parsing script Examples.compositor
22:28:16: Finished parsing scripts for resource group Popular
22:28:16: Terrain created; size=513 minBatch=33 maxBatch=65 treeDepth=4 lodLevels=5 leafLods=2
22:28:28: D3D9 : Loading 2D Texture, image name : 'dirt_grayrocky_diffusespecular.dds' with 2147483647 mip map levels
22:28:28: D3D9 : Loading 2D Texture, image name : 'dirt_grayrocky_normalheight.dds' with 2147483647 mip map levels
22:28:28: D3D9 : Loading 2D Texture, image name : 'grass_green-01_diffusespecular.dds' with 2147483647 mip map levels
22:28:28: D3D9 : Loading 2D Texture, image name : 'grass_green-01_normalheight.dds' with 2147483647 mip map levels
22:28:28: D3D9 : Loading 2D Texture, image name : 'growth_weirdfungus-03_diffusespecular.dds' with 2147483647 mip map levels
22:28:28: D3D9 : Loading 2D Texture, image name : 'growth_weirdfungus-03_normalheight.dds' with 2147483647 mip map levels
22:28:29: Mesh: Loading WereVixen.mesh.
22:28:29: Skeleton: Loading WereVixen.skeleton
22:28:29: Texture: WereVixenTextures.png: Loading 1 faces(PF_A8R8G8B8,780x780x1) with 9 generated mipmaps from Image. Internal format is PF_A8R8G8B8,780x780x1.
22:28:29: Mesh: Loading Spider.mesh.
22:28:29: Skeleton: Loading Spider.skeleton
22:28:29: WARNING: Spider.mesh is an older format ([MeshSerializer_v1.40]); you should upgrade it as soon as possible using the OgreMeshUpgrade tool.
22:28:29: Texture: Spider_SphereNew.tga: Loading 1 faces(PF_A8R8G8B8,512x512x1) with  hardware generated mipmaps from Image. Internal format is PF_A8R8G8B8,512x512x1.
22:28:29: WARNING: the mesh 'Spider.mesh' includes vertices without bone assignments. Those vertices will transform to wrong position when skeletal animation enabled. To eliminate this, assign at least one bone assignment per vertex on your mesh.
22:28:29: Mesh: Loading StreetLamp1.mesh.
22:28:29: Mesh: Loading SellingHouse.mesh.
22:28:29: Texture: clouds.jpg: Loading 1 faces(PF_R8G8B8,256x256x1) with  hardware generated mipmaps from Image. Internal format is PF_X8R8G8B8,256x256x1.
22:28:29: Texture: spot_shadow_fade.png: Loading 1 faces(PF_R8G8B8,128x128x1) with  hardware generated mipmaps from Image. Internal format is PF_X8R8G8B8,128x128x1.
